<?xml version="1.0" encoding="UTF-8"?>
<!-- Generated by org.testng.reporters.JUnitXMLReporter -->
<testsuite ignored="0" hostname="DESKTOP-SB2G11E" failures="0" tests="3" name="Default test" time="5.903" errors="0" timestamp="2023-03-15T16:40:56 CDT">
  <testcase classname="com.qa.hubspot.tests.LoginPageTest" name="loginTest" time="1.208"/>
  <testcase classname="com.qa.hubspot.tests.LoginPageTest" name="verifyForgotPasswordLinkBtn" time="0.031"/>
  <testcase classname="com.qa.hubspot.tests.LoginPageTest" name="verifyLoginPageTitleTest" time="2.005"/>
</testsuite> <!-- Default test -->
